build/app/intermediates/manifest_merge_blame_file/debug/manifest-merger-blame-debug-report.txt
1<?xml version="1.0" encoding="utf-8"?>
2<manifest xmlns:android="http://schemas.android.com/apk/res/android"
3    package="com.example.gev_app"
4    android:versionCode="1"
5    android:versionName="1.0.0" >
6
7    <uses-sdk
8        android:minSdkVersion="16"
9        android:targetSdkVersion="30" />
10    <!--
11         Flutter needs it to communicate with the running application
12         to allow setting breakpoints, to provide hot reload, etc.
13    -->
14    <uses-permission android:name="android.permission.INTERNET" />
14-->src\main\AndroidManifest.xml:8:11-72
14-->src\main\AndroidManifest.xml:8:28-70
15    <uses-permission android:name="android.permission.ACCESS_FINE_LOCATION" />
15-->src\main\AndroidManifest.xml:9:1-74
15-->src\main\AndroidManifest.xml:9:18-72
16    <uses-permission android:name="android.permission.ACCESS_COARSE_LOCATION" />
16-->src\main\AndroidManifest.xml:10:1-76
16-->src\main\AndroidManifest.xml:10:18-74
17    <uses-permission android:name="android.permission.RECEIVE_BOOT_COMPLETED" />
17-->src\main\AndroidManifest.xml:11:5-80
17-->src\main\AndroidManifest.xml:11:22-78
18    <uses-permission android:name="android.permission.VIBRATE" />
18-->src\main\AndroidManifest.xml:12:5-66
18-->src\main\AndroidManifest.xml:12:22-63
19    <uses-permission android:name="android.permission.ACCESS_NETWORK_STATE" />
19-->[:connectivity] AndroidManifest.xml:7:5-79
19-->[:connectivity] AndroidManifest.xml:7:22-76
20
21    <uses-feature
21-->[com.google.android.gms:play-services-maps:17.0.0] AndroidManifest.xml:26:5-28:35
22        android:glEsVersion="0x00020000"
22-->[com.google.android.gms:play-services-maps:17.0.0] AndroidManifest.xml:27:9-41
23        android:required="true" />
23-->[com.google.android.gms:play-services-maps:17.0.0] AndroidManifest.xml:28:9-32
24
25    <application
25-->src\main\AndroidManifest.xml:13:5-62:19
26        android:name="io.flutter.app.FlutterApplication"
26-->src\main\AndroidManifest.xml:14:9-57
27        android:appComponentFactory="androidx.core.app.CoreComponentFactory"
27-->[androidx.core:core:1.2.0] AndroidManifest.xml:24:18-86
28        android:debuggable="true"
29        android:icon="@mipmap/ic_launcher"
29-->src\main\AndroidManifest.xml:16:9-43
30        android:label="gev_app" >
30-->src\main\AndroidManifest.xml:15:9-32
31        <meta-data
31-->src\main\AndroidManifest.xml:17:10-124
32            android:name="com.google.android.geo.API_KEY"
32-->src\main\AndroidManifest.xml:17:21-66
33            android:value="AIzaSyBn4LblS_0XHuPjV35HowI5L9pTAdfJlvI" />
33-->src\main\AndroidManifest.xml:17:67-122
34
35        <activity
35-->src\main\AndroidManifest.xml:18:9-48:20
36            android:name="com.example.gev_app.MainActivity"
36-->src\main\AndroidManifest.xml:19:13-41
37            android:configChanges="orientation|keyboardHidden|keyboard|screenSize|smallestScreenSize|locale|layoutDirection|fontScale|screenLayout|density|uiMode"
37-->src\main\AndroidManifest.xml:24:13-163
38            android:hardwareAccelerated="true"
38-->src\main\AndroidManifest.xml:25:13-47
39            android:launchMode="singleTop"
39-->src\main\AndroidManifest.xml:22:13-43
40            android:showWhenLocked="true"
40-->src\main\AndroidManifest.xml:20:13-42
41            android:theme="@style/LaunchTheme"
41-->src\main\AndroidManifest.xml:23:13-47
42            android:turnScreenOn="true"
42-->src\main\AndroidManifest.xml:21:13-40
43            android:windowSoftInputMode="adjustResize" >
43-->src\main\AndroidManifest.xml:26:13-55
44
45            <!--
46                 Specifies an Android theme to apply to this Activity as soon as
47                 the Android process has started. This theme is visible to the user
48                 while the Flutter UI initializes. After that, this theme continues
49                 to determine the Window background behind the Flutter UI.
50            -->
51            <meta-data
51-->src\main\AndroidManifest.xml:31:13-34:17
52                android:name="io.flutter.embedding.android.NormalTheme"
52-->src\main\AndroidManifest.xml:32:15-70
53                android:resource="@style/NormalTheme" />
53-->src\main\AndroidManifest.xml:33:15-52
54            <!--
55                 Displays an Android View that continues showing the launch screen
56                 Drawable until Flutter paints its first frame, then this splash
57                 screen fades out. A splash screen is useful to avoid any visual
58                 gap between the end of Android's launch screen and the painting of
59                 Flutter's first frame.
60            -->
61            <meta-data
61-->src\main\AndroidManifest.xml:40:13-43:17
62                android:name="io.flutter.embedding.android.SplashScreenDrawable"
62-->src\main\AndroidManifest.xml:41:15-79
63                android:resource="@drawable/launch_background" />
63-->src\main\AndroidManifest.xml:42:15-61
64
65            <intent-filter>
65-->src\main\AndroidManifest.xml:44:13-47:29
66                <action android:name="android.intent.action.MAIN" />
66-->src\main\AndroidManifest.xml:45:17-68
66-->src\main\AndroidManifest.xml:45:25-66
67
68                <category android:name="android.intent.category.LAUNCHER" />
68-->src\main\AndroidManifest.xml:46:17-76
68-->src\main\AndroidManifest.xml:46:27-74
69            </intent-filter>
70        </activity>
71        <!--
72             Don't delete the meta-data below.
73             This is used by the Flutter tool to generate GeneratedPluginRegistrant.java
74        -->
75        <receiver android:name="com.dexterous.flutterlocalnotifications.ScheduledNotificationBootReceiver" >
75-->src\main\AndroidManifest.xml:51:9-56:20
75-->src\main\AndroidManifest.xml:51:19-107
76            <intent-filter>
76-->src\main\AndroidManifest.xml:52:13-55:29
77                <action android:name="android.intent.action.BOOT_COMPLETED" />
77-->src\main\AndroidManifest.xml:53:17-78
77-->src\main\AndroidManifest.xml:53:25-76
78                <action android:name="android.intent.action.MY_PACKAGE_REPLACED" />
78-->src\main\AndroidManifest.xml:54:17-83
78-->src\main\AndroidManifest.xml:54:25-81
79            </intent-filter>
80        </receiver>
81        <receiver android:name="com.dexterous.flutterlocalnotifications.ScheduledNotificationReceiver" />
81-->src\main\AndroidManifest.xml:57:9-106
81-->src\main\AndroidManifest.xml:57:19-103
82
83        <meta-data
83-->src\main\AndroidManifest.xml:59:9-61:33
84            android:name="flutterEmbedding"
84-->src\main\AndroidManifest.xml:60:13-44
85            android:value="2" />
85-->src\main\AndroidManifest.xml:61:13-30
86        <!-- Needs to be explicitly declared on P+ -->
87        <uses-library
87-->[com.google.android.gms:play-services-maps:17.0.0] AndroidManifest.xml:33:9-35:40
88            android:name="org.apache.http.legacy"
88-->[com.google.android.gms:play-services-maps:17.0.0] AndroidManifest.xml:34:13-50
89            android:required="false" />
89-->[com.google.android.gms:play-services-maps:17.0.0] AndroidManifest.xml:35:13-37
90
91        <activity
91-->[com.google.android.gms:play-services-base:17.0.0] AndroidManifest.xml:23:9-26:75
92            android:name="com.google.android.gms.common.api.GoogleApiActivity"
92-->[com.google.android.gms:play-services-base:17.0.0] AndroidManifest.xml:24:13-79
93            android:exported="false"
93-->[com.google.android.gms:play-services-base:17.0.0] AndroidManifest.xml:25:13-37
94            android:theme="@android:style/Theme.Translucent.NoTitleBar" />
94-->[com.google.android.gms:play-services-base:17.0.0] AndroidManifest.xml:26:13-72
95
96        <meta-data
96-->[com.google.android.gms:play-services-basement:17.0.0] AndroidManifest.xml:23:9-25:69
97            android:name="com.google.android.gms.version"
97-->[com.google.android.gms:play-services-basement:17.0.0] AndroidManifest.xml:24:13-58
98            android:value="@integer/google_play_services_version" />
98-->[com.google.android.gms:play-services-basement:17.0.0] AndroidManifest.xml:25:13-66
99    </application>
100
101</manifest>